<?xml version="1.0" encoding="UTF-8"?>
<testng-results ignored="0" total="1" passed="1" failed="0" skipped="0">
  <reporter-output>
  </reporter-output>
  <suite started-at="2024-10-27T14:23:14 PDT" name="Default suite" finished-at="2024-10-27T14:24:34 PDT" duration-ms="79959">
    <groups>
    </groups>
    <test started-at="2024-10-27T14:23:14 PDT" name="Default test" finished-at="2024-10-27T14:24:34 PDT" duration-ms="79959">
      <class name="Campaign.CreateCampaignsTest">
        <test-method is-config="true" signature="bs()[pri:0, instance:Campaign.CreateCampaignsTest@72d6b3ba]" started-at="2024-10-27T14:23:14 PDT" name="bs" finished-at="2024-10-27T14:23:14 PDT" duration-ms="12" status="PASS">
          <reporter-output>
          </reporter-output>
        </test-method> <!-- bs -->
        <test-method is-config="true" signature="bt()[pri:0, instance:Campaign.CreateCampaignsTest@72d6b3ba]" started-at="2024-10-27T14:23:14 PDT" name="bt" finished-at="2024-10-27T14:23:14 PDT" duration-ms="0" status="PASS">
          <reporter-output>
          </reporter-output>
        </test-method> <!-- bt -->
        <test-method is-config="true" signature="bc()[pri:0, instance:Campaign.CreateCampaignsTest@72d6b3ba]" started-at="2024-10-27T14:23:14 PDT" name="bc" finished-at="2024-10-27T14:23:21 PDT" duration-ms="6430" status="PASS">
          <reporter-output>
          </reporter-output>
        </test-method> <!-- bc -->
        <test-method is-config="true" signature="bm()[pri:0, instance:Campaign.CreateCampaignsTest@72d6b3ba]" started-at="2024-10-27T14:23:21 PDT" name="bm" finished-at="2024-10-27T14:23:21 PDT" duration-ms="1" status="PASS">
          <reporter-output>
          </reporter-output>
        </test-method> <!-- bm -->
        <test-method signature="createCampaignsTest()[pri:0, instance:Campaign.CreateCampaignsTest@72d6b3ba]" started-at="2024-10-27T14:23:21 PDT" name="createCampaignsTest" finished-at="2024-10-27T14:24:34 PDT" duration-ms="73161" status="PASS">
          <reporter-output>
          </reporter-output>
        </test-method> <!-- createCampaignsTest -->
        <test-method is-config="true" signature="am()[pri:0, instance:Campaign.CreateCampaignsTest@72d6b3ba]" started-at="2024-10-27T14:24:34 PDT" name="am" finished-at="2024-10-27T14:24:34 PDT" duration-ms="20" status="PASS">
          <reporter-output>
          </reporter-output>
        </test-method> <!-- am -->
        <test-method is-config="true" signature="ac()[pri:0, instance:Campaign.CreateCampaignsTest@72d6b3ba]" started-at="2024-10-27T14:24:34 PDT" name="ac" finished-at="2024-10-27T14:24:34 PDT" duration-ms="4" status="PASS">
          <reporter-output>
          </reporter-output>
        </test-method> <!-- ac -->
        <test-method is-config="true" signature="at()[pri:0, instance:Campaign.CreateCampaignsTest@72d6b3ba]" started-at="2024-10-27T14:24:34 PDT" name="at" finished-at="2024-10-27T14:24:34 PDT" duration-ms="5" status="PASS">
          <reporter-output>
          </reporter-output>
        </test-method> <!-- at -->
        <test-method is-config="true" signature="as()[pri:0, instance:Campaign.CreateCampaignsTest@72d6b3ba]" started-at="2024-10-27T14:24:35 PDT" name="as" finished-at="2024-10-27T14:24:35 PDT" duration-ms="0" status="PASS">
          <reporter-output>
          </reporter-output>
        </test-method> <!-- as -->
      </class> <!-- Campaign.CreateCampaignsTest -->
    </test> <!-- Default test -->
  </suite> <!-- Default suite -->
</testng-results>
